0 info it worked if it ends with ok
1 verbose cli [ 'c:\\Program Files\\nodejs\\node.exe',
1 verbose cli   'c:\\Program Files\\nodejs\\node_modules\\npm\\bin\\npm-cli.js',
1 verbose cli   'install',
1 verbose cli   'bower',
1 verbose cli   '-g' ]
2 info using npm@2.1.12
3 info using node@v0.10.33
4 silly cache add args [ 'bower', null ]
5 verbose cache add spec bower
6 silly cache add parsed spec { raw: 'bower',
6 silly cache add   scope: null,
6 silly cache add   name: 'bower',
6 silly cache add   rawSpec: '',
6 silly cache add   spec: '*',
6 silly cache add   type: 'range' }
7 verbose addNamed bower@*
8 silly addNamed semver.valid null
9 silly addNamed semver.validRange *
10 silly addNameRange { name: 'bower', range: '*', hasData: false }
11 silly mapToRegistry name bower
12 silly mapToRegistry using default registry
13 silly mapToRegistry registry https://registry.npmjs.org/
14 silly mapToRegistry uri https://registry.npmjs.org/bower
15 verbose addNameRange registry:https://registry.npmjs.org/bower not in flight; fetching
16 verbose request uri https://registry.npmjs.org/bower
17 verbose request no auth needed
18 info attempt registry request try #1 at 16:43:57
19 verbose request id dfa7c7b44220459f
20 verbose etag "T2IMZOO5W6AFNTGRVETQHVFI"
21 http request GET https://registry.npmjs.org/bower
22 http 200 https://registry.npmjs.org/bower
23 silly get cb [ 200,
23 silly get   { server: 'CouchDB/1.5.0 (Erlang OTP/R16B03)',
23 silly get     etag: '"AKRWNAOS5HHTK72EAN0R17DT9"',
23 silly get     'content-type': 'application/json',
23 silly get     'cache-control': 'max-age=60',
23 silly get     'content-length': '111911',
23 silly get     'accept-ranges': 'bytes',
23 silly get     date: 'Mon, 11 May 2015 13:43:57 GMT',
23 silly get     via: '1.1 varnish',
23 silly get     age: '38',
23 silly get     connection: 'keep-alive',
23 silly get     'x-served-by': 'cache-fra1236-FRA',
23 silly get     'x-cache': 'HIT',
23 silly get     'x-cache-hits': '1',
23 silly get     'x-timer': 'S1431351837.734866,VS0,VE1',
23 silly get     vary: 'Accept' } ]
24 silly addNameRange number 2 { name: 'bower', range: '*', hasData: true }
25 silly addNameRange versions [ 'bower',
25 silly addNameRange   [ '0.1.0',
25 silly addNameRange     '0.1.2',
25 silly addNameRange     '0.1.3',
25 silly addNameRange     '0.2.0',
25 silly addNameRange     '0.3.0',
25 silly addNameRange     '0.3.1',
25 silly addNameRange     '0.3.2',
25 silly addNameRange     '0.4.0',
25 silly addNameRange     '0.5.0',
25 silly addNameRange     '0.5.1',
25 silly addNameRange     '0.6.0',
25 silly addNameRange     '0.6.1',
25 silly addNameRange     '0.6.2',
25 silly addNameRange     '0.6.3',
25 silly addNameRange     '0.6.4',
25 silly addNameRange     '0.6.5',
25 silly addNameRange     '0.6.6',
25 silly addNameRange     '0.6.7',
25 silly addNameRange     '0.6.8',
25 silly addNameRange     '0.7.0',
25 silly addNameRange     '0.7.1',
25 silly addNameRange     '0.8.0',
25 silly addNameRange     '0.8.1',
25 silly addNameRange     '0.8.2',
25 silly addNameRange     '0.8.3',
25 silly addNameRange     '0.8.4',
25 silly addNameRange     '0.8.5',
25 silly addNameRange     '0.8.6',
25 silly addNameRange     '0.9.0',
25 silly addNameRange     '0.9.1',
25 silly addNameRange     '0.9.2',
25 silly addNameRange     '0.10.0',
25 silly addNameRange     '1.0.0',
25 silly addNameRange     '1.0.1',
25 silly addNameRange     '1.0.2',
25 silly addNameRange     '1.0.3',
25 silly addNameRange     '1.1.0',
25 silly addNameRange     '1.1.1',
25 silly addNameRange     '1.1.2',
25 silly addNameRange     '1.2.0',
25 silly addNameRange     '1.2.1',
25 silly addNameRange     '1.2.2',
25 silly addNameRange     '1.2.3',
25 silly addNameRange     '1.2.4',
25 silly addNameRange     '1.2.5',
25 silly addNameRange     '1.2.6',
25 silly addNameRange     '1.2.7',
25 silly addNameRange     '1.2.8',
25 silly addNameRange     '1.3.0',
25 silly addNameRange     '1.3.1',
25 silly addNameRange     '1.3.2',
25 silly addNameRange     '1.3.3',
25 silly addNameRange     '1.3.4',
25 silly addNameRange     '1.3.5',
25 silly addNameRange     '1.3.6',
25 silly addNameRange     '1.3.7',
25 silly addNameRange     '1.3.8',
25 silly addNameRange     '1.3.9',
25 silly addNameRange     '1.3.10',
25 silly addNameRange     '1.3.11',
25 silly addNameRange     '1.3.12',
25 silly addNameRange     '1.4.0',
25 silly addNameRange     '1.4.1' ] ]
26 verbose addNamed bower@1.4.1
27 silly addNamed semver.valid 1.4.1
28 silly addNamed semver.validRange 1.4.1
29 silly mapToRegistry name bower
30 silly mapToRegistry using default registry
31 silly mapToRegistry registry https://registry.npmjs.org/
32 silly mapToRegistry uri https://registry.npmjs.org/bower
33 verbose addRemoteTarball https://registry.npmjs.org/bower/-/bower-1.4.1.tgz not in flight; adding
34 verbose addRemoteTarball [ 'https://registry.npmjs.org/bower/-/bower-1.4.1.tgz',
34 verbose addRemoteTarball   'a18be39d030792754f30f1c5b32d37b0156ba8dd' ]
35 info retry fetch attempt 1 at 16:43:57
36 info attempt registry request try #1 at 16:43:57
37 http fetch GET https://registry.npmjs.org/bower/-/bower-1.4.1.tgz
38 http fetch 200 https://registry.npmjs.org/bower/-/bower-1.4.1.tgz
39 silly fetchAndShaCheck shasum a18be39d030792754f30f1c5b32d37b0156ba8dd
40 verbose addTmpTarball C:\Users\negral\AppData\Local\Temp\npm-12236-0bf6812f\registry.npmjs.org\bower\-\bower-1.4.1.tgz not in flight; adding
41 verbose addTmpTarball already have metadata; skipping unpack for bower@1.4.1
42 silly cache afterAdd bower@1.4.1
43 verbose afterAdd C:\Users\negral\AppData\Roaming\npm-cache\bower\1.4.1\package\package.json not in flight; writing
44 verbose afterAdd C:\Users\negral\AppData\Roaming\npm-cache\bower\1.4.1\package\package.json written
45 silly install resolved [ { name: 'bower',
45 silly install resolved     version: '1.4.1',
45 silly install resolved     description: 'The browser package manager',
45 silly install resolved     author: { name: 'Twitter' },
45 silly install resolved     licenses: [ [Object] ],
45 silly install resolved     repository: { type: 'git', url: 'https://github.com/bower/bower' },
45 silly install resolved     main: 'lib',
45 silly install resolved     homepage: 'http://bower.io',
45 silly install resolved     engines: { node: '>=0.10.0' },
45 silly install resolved     dependencies:
45 silly install resolved      { abbrev: '^1.0.5',
45 silly install resolved        archy: '1.0.0',
45 silly install resolved        'bower-config': '^0.6.1',
45 silly install resolved        'bower-endpoint-parser': '^0.2.2',
45 silly install resolved        'bower-json': '^0.4.0',
45 silly install resolved        'bower-logger': '^0.2.2',
45 silly install resolved        'bower-registry-client': '^0.3.0',
45 silly install resolved        cardinal: '0.4.4',
45 silly install resolved        chalk: '^1.0.0',
45 silly install resolved        chmodr: '0.1.0',
45 silly install resolved        configstore: '^0.3.2',
45 silly install resolved        'decompress-zip': '^0.1.0',
45 silly install resolved        fstream: '^1.0.3',
45 silly install resolved        'fstream-ignore': '^1.0.2',
45 silly install resolved        github: '^0.2.3',
45 silly install resolved        glob: '^4.3.2',
45 silly install resolved        'graceful-fs': '^3.0.5',
45 silly install resolved        handlebars: '^2.0.0',
45 silly install resolved        inquirer: '0.8.0',
45 silly install resolved        insight: '^0.5.0',
45 silly install resolved        'is-root': '^1.0.0',
45 silly install resolved        junk: '^1.0.0',
45 silly install resolved        lockfile: '^1.0.0',
45 silly install resolved        'lru-cache': '^2.5.0',
45 silly install resolved        mkdirp: '0.5.0',
45 silly install resolved        mout: '^0.11.0',
45 silly install resolved        nopt: '^3.0.1',
45 silly install resolved        opn: '^1.0.1',
45 silly install resolved        'p-throttler': '0.1.1',
45 silly install resolved        promptly: '0.2.0',
45 silly install resolved        q: '^1.1.2',
45 silly install resolved        request: '2.53.0',
45 silly install resolved        'request-progress': '0.3.1',
45 silly install resolved        retry: '0.6.1',
45 silly install resolved        rimraf: '^2.2.8',
45 silly install resolved        semver: '^2.3.0',
45 silly install resolved        'shell-quote': '^1.4.2',
45 silly install resolved        'stringify-object': '^1.0.0',
45 silly install resolved        'tar-fs': '^1.4.1',
45 silly install resolved        tmp: '0.0.24',
45 silly install resolved        'update-notifier': '^0.3.0',
45 silly install resolved        'user-home': '^1.1.0',
45 silly install resolved        which: '^1.0.8' },
45 silly install resolved     devDependencies:
45 silly install resolved      { chai: '^1.10.0',
45 silly install resolved        coveralls: '^2.11.2',
45 silly install resolved        'expect.js': '^0.3.1',
45 silly install resolved        grunt: '^0.4.5',
45 silly install resolved        'grunt-cli': '^0.1.13',
45 silly install resolved        'grunt-contrib-jshint': '^0.10.0',
45 silly install resolved        'grunt-contrib-watch': '^0.6.1',
45 silly install resolved        'grunt-exec': '^0.4.6',
45 silly install resolved        'grunt-simple-mocha': '^0.4.0',
45 silly install resolved        istanbul: '^0.3.5',
45 silly install resolved        'load-grunt-tasks': '^2.0.0',
45 silly install resolved        mocha: '^2.1.0',
45 silly install resolved        multiline: '^1.0.2',
45 silly install resolved        nock: '^0.56.0',
45 silly install resolved        'node-uuid': '^1.4.2',
45 silly install resolved        proxyquire: '^1.3.0',
45 silly install resolved        'spawn-sync': '^1.0.5' },
45 silly install resolved     scripts: { test: 'grunt test' },
45 silly install resolved     bin: { bower: 'bin/bower' },
45 silly install resolved     preferGlobal: true,
45 silly install resolved     gitHead: 'a1287416d40f944d58cb8f2e774e2076bfffd32f',
45 silly install resolved     bugs: { url: 'https://github.com/bower/bower/issues' },
45 silly install resolved     _id: 'bower@1.4.1',
45 silly install resolved     _shasum: 'a18be39d030792754f30f1c5b32d37b0156ba8dd',
45 silly install resolved     _from: 'bower@*',
45 silly install resolved     _npmVersion: '2.7.4',
45 silly install resolved     _nodeVersion: '0.12.0',
45 silly install resolved     _npmUser: { name: 'sheerun', email: 'sheerun@sher.pl' },
45 silly install resolved     maintainers: [ [Object], [Object], [Object], [Object], [Object], [Object] ],
45 silly install resolved     dist:
45 silly install resolved      { shasum: 'a18be39d030792754f30f1c5b32d37b0156ba8dd',
45 silly install resolved        tarball: 'http://registry.npmjs.org/bower/-/bower-1.4.1.tgz' },
45 silly install resolved     directories: {},
45 silly install resolved     _resolved: 'https://registry.npmjs.org/bower/-/bower-1.4.1.tgz' } ]
46 info install bower@1.4.1 into c:\Program Files\nodejs
47 info installOne bower@1.4.1
48 verbose installOne of bower to c:\Program Files\nodejs not in flight; installing
49 verbose lock using C:\Users\negral\AppData\Roaming\npm-cache\_locks\bower-d0cecbb215ad5cdb.lock for c:\Program Files\nodejs\node_modules\bower
50 silly install write writing bower 1.4.1 to c:\Program Files\nodejs\node_modules\bower
51 silly cache addNamed cb bower@1.4.1
52 verbose unbuild node_modules\bower
53 info preuninstall bower@1.3.12
54 info uninstall bower@1.3.12
55 verbose unbuild rmStuff bower@1.3.12 from c:\Program Files\nodejs\node_modules
56 verbose gentlyRm verifying that c:\Program Files\nodejs is managed by npm
57 silly isManaged c:\Program Files\nodejs is not inside c:\Program Files\nodejs\node_modules
58 silly isManaged c:\Program Files\nodejs is not inside c:\Program Files\nodejs\node_modules
59 silly isManaged c:\Program Files\nodejs is inside c:\Program Files\nodejs
60 silly gentlyRm c:\Program Files\nodejs is managed by npm
61 silly gentlyRm c:\Program Files\nodejs\bower.cmd is under c:\Program Files\nodejs
62 verbose gentlyRm vacuuming c:\Program Files\nodejs\bower.cmd up to c:\Program Files\nodejs
63 silly gentlyRm removing c:\Program Files\nodejs\bower.cmd
64 verbose unlock done using C:\Users\negral\AppData\Roaming\npm-cache\_locks\bower-d0cecbb215ad5cdb.lock for c:\Program Files\nodejs\node_modules\bower
65 verbose stack Error: EPERM, unlink 'c:\Program Files\nodejs\bower.cmd'
66 verbose cwd C:\Users\negral\Documents\NodeProjects\LiveDataTransfer
67 error Windows_NT 6.1.7601
68 error argv "c:\\Program Files\\nodejs\\node.exe" "c:\\Program Files\\nodejs\\node_modules\\npm\\bin\\npm-cli.js" "install" "bower" "-g"
69 error node v0.10.33
70 error npm  v2.1.12
71 error path c:\Program Files\nodejs\bower.cmd
72 error code EPERM
73 error errno 50
74 error Error: EPERM, unlink 'c:\Program Files\nodejs\bower.cmd'
74 error  { [Error: EPERM, unlink 'c:\Program Files\nodejs\bower.cmd']
74 error   errno: 50,
74 error   code: 'EPERM',
74 error   path: 'c:\\Program Files\\nodejs\\bower.cmd' }
75 error Please try running this command again as root/Administrator.
76 verbose exit [ 50, true ]
77 verbose unbuild node_modules\bower
78 info preuninstall bower@1.3.12
79 info uninstall bower@1.3.12
80 verbose unbuild rmStuff bower@1.3.12 from c:\Program Files\nodejs\node_modules
81 verbose gentlyRm verifying that c:\Program Files\nodejs is managed by npm
82 silly isManaged c:\Program Files\nodejs is not inside c:\Program Files\nodejs\node_modules
83 silly isManaged c:\Program Files\nodejs is not inside c:\Program Files\nodejs\node_modules
84 silly isManaged c:\Program Files\nodejs is inside c:\Program Files\nodejs
85 silly gentlyRm c:\Program Files\nodejs is managed by npm
86 silly gentlyRm c:\Program Files\nodejs\bower.cmd is under c:\Program Files\nodejs
87 verbose gentlyRm vacuuming c:\Program Files\nodejs\bower.cmd up to c:\Program Files\nodejs
88 silly gentlyRm removing c:\Program Files\nodejs\bower.cmd
89 error error rolling back Error: EPERM, unlink 'c:\Program Files\nodejs\bower.cmd'
89 error error rolling back  { [Error: EPERM, unlink 'c:\Program Files\nodejs\bower.cmd']
89 error error rolling back   errno: 50,
89 error error rolling back   code: 'EPERM',
89 error error rolling back   path: 'c:\\Program Files\\nodejs\\bower.cmd' }
